2021-03-01 14:35:09,558 DEBUG    root            Loaded Command Group: ['gcloud', 'components']
2021-03-01 14:35:09,560 DEBUG    root            Loaded Command Group: ['gcloud', 'components', 'update']
2021-03-01 14:35:09,562 DEBUG    root            Running [gcloud.components.update] with arguments: [--quiet: "True", COMPONENT-IDS:8: "['gcloud', 'core', 'bq', 'gsutil', 'compute', 'preview', 'alpha', 'beta']"]
2021-03-01 14:35:09,568 INFO     ___FILE_ONLY___ Beginning update. This process may take several minutes.

2021-03-01 14:35:09,612 WARNING  root            Component [compute] no longer exists.
2021-03-01 14:35:09,612 WARNING  root            Component [preview] no longer exists.
2021-03-01 14:35:09,613 INFO     ___FILE_ONLY___ 

2021-03-01 14:35:09,613 INFO     ___FILE_ONLY___ 
Your current Cloud SDK version is: 329.0.0

2021-03-01 14:35:09,613 INFO     ___FILE_ONLY___ Installing components from version: 329.0.0

2021-03-01 14:35:09,614 INFO     ___FILE_ONLY___ 

2021-03-01 14:35:09,672 INFO     ___FILE_ONLY___ ┌──────────────────────────────────────────────┐
2021-03-01 14:35:09,672 INFO     ___FILE_ONLY___ 

2021-03-01 14:35:09,672 INFO     ___FILE_ONLY___ │     These components will be installed.      │
2021-03-01 14:35:09,673 INFO     ___FILE_ONLY___ 

2021-03-01 14:35:09,673 INFO     ___FILE_ONLY___ ├───────────────────────┬────────────┬─────────┤
2021-03-01 14:35:09,673 INFO     ___FILE_ONLY___ 

2021-03-01 14:35:09,673 INFO     ___FILE_ONLY___ │          Name         │  Version   │   Size  │
2021-03-01 14:35:09,673 INFO     ___FILE_ONLY___ 

2021-03-01 14:35:09,673 INFO     ___FILE_ONLY___ ├───────────────────────┼────────────┼─────────┤
2021-03-01 14:35:09,673 INFO     ___FILE_ONLY___ 

2021-03-01 14:35:09,673 INFO     ___FILE_ONLY___ │ 
2021-03-01 14:35:09,673 INFO     ___FILE_ONLY___ gcloud Alpha Commands
2021-03-01 14:35:09,673 INFO     ___FILE_ONLY___  
2021-03-01 14:35:09,674 INFO     ___FILE_ONLY___ │ 
2021-03-01 14:35:09,674 INFO     ___FILE_ONLY___ 2019.05.17
2021-03-01 14:35:09,674 INFO     ___FILE_ONLY___  
2021-03-01 14:35:09,674 INFO     ___FILE_ONLY___ │ 
2021-03-01 14:35:09,674 INFO     ___FILE_ONLY___ < 1 MiB
2021-03-01 14:35:09,675 INFO     ___FILE_ONLY___  
2021-03-01 14:35:09,675 INFO     ___FILE_ONLY___ │
2021-03-01 14:35:09,675 INFO     ___FILE_ONLY___ 

2021-03-01 14:35:09,675 INFO     ___FILE_ONLY___ │ 
2021-03-01 14:35:09,675 INFO     ___FILE_ONLY___ gcloud Beta Commands 
2021-03-01 14:35:09,675 INFO     ___FILE_ONLY___  
2021-03-01 14:35:09,675 INFO     ___FILE_ONLY___ │ 
2021-03-01 14:35:09,676 INFO     ___FILE_ONLY___ 2019.05.17
2021-03-01 14:35:09,676 INFO     ___FILE_ONLY___  
2021-03-01 14:35:09,676 INFO     ___FILE_ONLY___ │ 
2021-03-01 14:35:09,676 INFO     ___FILE_ONLY___ < 1 MiB
2021-03-01 14:35:09,676 INFO     ___FILE_ONLY___  
2021-03-01 14:35:09,676 INFO     ___FILE_ONLY___ │
2021-03-01 14:35:09,676 INFO     ___FILE_ONLY___ 

2021-03-01 14:35:09,676 INFO     ___FILE_ONLY___ └───────────────────────┴────────────┴─────────┘
2021-03-01 14:35:09,677 INFO     ___FILE_ONLY___ 

2021-03-01 14:35:09,677 INFO     ___FILE_ONLY___ 

2021-03-01 14:35:09,706 INFO     ___FILE_ONLY___ For the latest full release notes, please visit:
  https://cloud.google.com/sdk/release_notes


2021-03-01 14:35:09,711 INFO     ___FILE_ONLY___ ╔════════════════════════════════════════════════════════════╗

2021-03-01 14:35:09,711 INFO     ___FILE_ONLY___ ╠═ Creating update staging area                             ═╣

2021-03-01 14:35:09,711 INFO     ___FILE_ONLY___ ╚
2021-03-01 14:35:09,712 INFO     ___FILE_ONLY___ ══════
2021-03-01 14:35:10,136 INFO     ___FILE_ONLY___ ══════
2021-03-01 14:35:10,136 INFO     ___FILE_ONLY___ ══════
2021-03-01 14:35:10,585 INFO     ___FILE_ONLY___ ═
2021-03-01 14:35:10,622 INFO     ___FILE_ONLY___ ═
2021-03-01 14:35:10,657 INFO     ___FILE_ONLY___ ═
2021-03-01 14:35:10,706 INFO     ___FILE_ONLY___ ═
2021-03-01 14:35:10,738 INFO     ___FILE_ONLY___ ═
2021-03-01 14:35:10,790 INFO     ___FILE_ONLY___ ═
2021-03-01 14:35:10,850 INFO     ___FILE_ONLY___ ═
2021-03-01 14:35:10,906 INFO     ___FILE_ONLY___ ═
2021-03-01 14:35:10,954 INFO     ___FILE_ONLY___ ═
2021-03-01 14:35:10,991 INFO     ___FILE_ONLY___ ═
2021-03-01 14:35:11,039 INFO     ___FILE_ONLY___ ═
2021-03-01 14:35:11,088 INFO     ___FILE_ONLY___ ═
2021-03-01 14:35:11,133 INFO     ___FILE_ONLY___ ═
2021-03-01 14:35:11,177 INFO     ___FILE_ONLY___ ═
2021-03-01 14:35:11,217 INFO     ___FILE_ONLY___ ═
2021-03-01 14:35:11,253 INFO     ___FILE_ONLY___ ═
2021-03-01 14:35:11,285 INFO     ___FILE_ONLY___ ═
2021-03-01 14:35:11,321 INFO     ___FILE_ONLY___ ═
2021-03-01 14:35:11,361 INFO     ___FILE_ONLY___ ═
2021-03-01 14:35:11,398 INFO     ___FILE_ONLY___ ═
2021-03-01 14:35:11,434 INFO     ___FILE_ONLY___ ═
2021-03-01 14:35:11,517 INFO     ___FILE_ONLY___ ═
2021-03-01 14:35:11,562 INFO     ___FILE_ONLY___ ═
2021-03-01 14:35:11,666 INFO     ___FILE_ONLY___ ═
2021-03-01 14:35:11,740 INFO     ___FILE_ONLY___ ═
2021-03-01 14:35:12,043 INFO     ___FILE_ONLY___ ═
2021-03-01 14:35:12,072 INFO     ___FILE_ONLY___ ═
2021-03-01 14:35:12,102 INFO     ___FILE_ONLY___ ═
2021-03-01 14:35:12,127 INFO     ___FILE_ONLY___ ═
2021-03-01 14:35:12,152 INFO     ___FILE_ONLY___ ═
2021-03-01 14:35:12,180 INFO     ___FILE_ONLY___ ═
2021-03-01 14:35:12,201 INFO     ___FILE_ONLY___ ═
2021-03-01 14:35:12,235 INFO     ___FILE_ONLY___ ═
2021-03-01 14:35:12,276 INFO     ___FILE_ONLY___ ═
2021-03-01 14:35:12,352 INFO     ___FILE_ONLY___ ═
2021-03-01 14:35:12,416 INFO     ___FILE_ONLY___ ═
2021-03-01 14:35:12,471 INFO     ___FILE_ONLY___ ═
2021-03-01 14:35:12,514 INFO     ___FILE_ONLY___ ═
2021-03-01 14:35:12,555 INFO     ___FILE_ONLY___ ═
2021-03-01 14:35:12,611 INFO     ___FILE_ONLY___ ═
2021-03-01 14:35:12,650 INFO     ___FILE_ONLY___ ═
2021-03-01 14:35:12,729 INFO     ___FILE_ONLY___ ═
2021-03-01 14:35:12,729 INFO     ___FILE_ONLY___ ╝

2021-03-01 14:35:14,294 INFO     ___FILE_ONLY___ ╔════════════════════════════════════════════════════════════╗

2021-03-01 14:35:14,294 INFO     ___FILE_ONLY___ ╠═ Installing: gcloud Alpha Commands                        ═╣

2021-03-01 14:35:14,294 INFO     ___FILE_ONLY___ ╚
2021-03-01 14:35:14,318 INFO     ___FILE_ONLY___ ══════════════════════════════
2021-03-01 14:35:14,319 INFO     ___FILE_ONLY___ ═══════
2021-03-01 14:35:14,320 INFO     ___FILE_ONLY___ ════════
2021-03-01 14:35:14,320 INFO     ___FILE_ONLY___ ═══════
2021-03-01 14:35:14,320 INFO     ___FILE_ONLY___ ════════
2021-03-01 14:35:14,320 INFO     ___FILE_ONLY___ ╝

2021-03-01 14:35:14,328 INFO     ___FILE_ONLY___ ╔════════════════════════════════════════════════════════════╗

2021-03-01 14:35:14,328 INFO     ___FILE_ONLY___ ╠═ Installing: gcloud Beta Commands                         ═╣

2021-03-01 14:35:14,328 INFO     ___FILE_ONLY___ ╚
2021-03-01 14:35:14,349 INFO     ___FILE_ONLY___ ══════════════════════════════
2021-03-01 14:35:14,350 INFO     ___FILE_ONLY___ ═══════
2021-03-01 14:35:14,350 INFO     ___FILE_ONLY___ ════════
2021-03-01 14:35:14,350 INFO     ___FILE_ONLY___ ═══════
2021-03-01 14:35:14,351 INFO     ___FILE_ONLY___ ════════
2021-03-01 14:35:14,351 INFO     ___FILE_ONLY___ ╝

2021-03-01 14:35:14,358 INFO     ___FILE_ONLY___ ╔════════════════════════════════════════════════════════════╗

2021-03-01 14:35:14,358 INFO     ___FILE_ONLY___ ╠═ Creating backup and activating new installation          ═╣

2021-03-01 14:35:14,358 INFO     ___FILE_ONLY___ ╚
2021-03-01 14:35:14,359 DEBUG    root            Attempting to move directory [/tools/google-cloud-sdk] to [/tools/google-cloud-sdk.staging/.install/.backup]
2021-03-01 14:35:14,359 INFO     ___FILE_ONLY___ ══════════════════════════════
2021-03-01 14:35:14,359 DEBUG    root            Attempting to move directory [/tools/google-cloud-sdk.staging] to [/tools/google-cloud-sdk]
2021-03-01 14:35:14,359 INFO     ___FILE_ONLY___ ══════════════════════════════
2021-03-01 14:35:14,359 INFO     ___FILE_ONLY___ ╝

2021-03-01 14:35:14,363 DEBUG    root            Updating notification cache...
2021-03-01 14:35:14,364 INFO     ___FILE_ONLY___ 

2021-03-01 14:35:14,367 INFO     ___FILE_ONLY___ Performing post processing steps...
2021-03-01 14:35:14,368 DEBUG    root            Executing command: ['python3', '-S', '/tools/google-cloud-sdk/lib/gcloud.py', 'components', 'post-process']
2021-03-01 14:35:28,709 DEBUG    ___FILE_ONLY___ 
2021-03-01 14:35:28,709 DEBUG    ___FILE_ONLY___ 
2021-03-01 14:35:28,891 INFO     ___FILE_ONLY___ 
Update done!


2021-03-01 14:35:28,894 INFO     root            Display format: "none"
