2021-03-01 14:34:37,076 DEBUG    root            Loaded Command Group: ['gcloud', 'components']
2021-03-01 14:34:37,079 DEBUG    root            Loaded Command Group: ['gcloud', 'components', 'update']
2021-03-01 14:34:37,082 DEBUG    root            Running [gcloud.components.update] with arguments: [--allow-no-backup: "True", --quiet: "True", COMPONENT-IDS:7: "['core', 'gcloud-deps', 'bq', 'gcloud', 'gsutil', 'anthoscli', 'kuberun']"]
2021-03-01 14:34:37,087 INFO     ___FILE_ONLY___ Beginning update. This process may take several minutes.

2021-03-01 14:34:49,146 INFO     ___FILE_ONLY___ 

2021-03-01 14:34:49,146 INFO     ___FILE_ONLY___ 
Your current Cloud SDK version is: 329.0.0

2021-03-01 14:34:49,146 INFO     ___FILE_ONLY___ Installing components from version: 329.0.0

2021-03-01 14:34:49,146 INFO     ___FILE_ONLY___ 

2021-03-01 14:34:49,271 INFO     ___FILE_ONLY___ ┌─────────────────────────────────────────────────────────────────────────────┐
2021-03-01 14:34:49,271 INFO     ___FILE_ONLY___ 

2021-03-01 14:34:49,271 INFO     ___FILE_ONLY___ │                     These components will be installed.                     │
2021-03-01 14:34:49,271 INFO     ___FILE_ONLY___ 

2021-03-01 14:34:49,271 INFO     ___FILE_ONLY___ ├─────────────────────────────────────────────────────┬────────────┬──────────┤
2021-03-01 14:34:49,271 INFO     ___FILE_ONLY___ 

2021-03-01 14:34:49,272 INFO     ___FILE_ONLY___ │                         Name                        │  Version   │   Size   │
2021-03-01 14:34:49,272 INFO     ___FILE_ONLY___ 

2021-03-01 14:34:49,272 INFO     ___FILE_ONLY___ ├─────────────────────────────────────────────────────┼────────────┼──────────┤
2021-03-01 14:34:49,272 INFO     ___FILE_ONLY___ 

2021-03-01 14:34:49,272 INFO     ___FILE_ONLY___ │ 
2021-03-01 14:34:49,272 INFO     ___FILE_ONLY___ BigQuery Command Line Tool                         
2021-03-01 14:34:49,272 INFO     ___FILE_ONLY___  
2021-03-01 14:34:49,272 INFO     ___FILE_ONLY___ │ 
2021-03-01 14:34:49,272 INFO     ___FILE_ONLY___     2.0.65
2021-03-01 14:34:49,272 INFO     ___FILE_ONLY___  
2021-03-01 14:34:49,272 INFO     ___FILE_ONLY___ │ 
2021-03-01 14:34:49,272 INFO     ___FILE_ONLY___  < 1 MiB
2021-03-01 14:34:49,272 INFO     ___FILE_ONLY___  
2021-03-01 14:34:49,272 INFO     ___FILE_ONLY___ │
2021-03-01 14:34:49,273 INFO     ___FILE_ONLY___ 

2021-03-01 14:34:49,273 INFO     ___FILE_ONLY___ │ 
2021-03-01 14:34:49,273 INFO     ___FILE_ONLY___ BigQuery Command Line Tool (Platform Specific)     
2021-03-01 14:34:49,273 INFO     ___FILE_ONLY___  
2021-03-01 14:34:49,273 INFO     ___FILE_ONLY___ │ 
2021-03-01 14:34:49,273 INFO     ___FILE_ONLY___     2.0.64
2021-03-01 14:34:49,273 INFO     ___FILE_ONLY___  
2021-03-01 14:34:49,273 INFO     ___FILE_ONLY___ │ 
2021-03-01 14:34:49,273 INFO     ___FILE_ONLY___  < 1 MiB
2021-03-01 14:34:49,273 INFO     ___FILE_ONLY___  
2021-03-01 14:34:49,273 INFO     ___FILE_ONLY___ │
2021-03-01 14:34:49,273 INFO     ___FILE_ONLY___ 

2021-03-01 14:34:49,273 INFO     ___FILE_ONLY___ │ 
2021-03-01 14:34:49,273 INFO     ___FILE_ONLY___ Cloud SDK Core Libraries (Platform Specific)       
2021-03-01 14:34:49,273 INFO     ___FILE_ONLY___  
2021-03-01 14:34:49,274 INFO     ___FILE_ONLY___ │ 
2021-03-01 14:34:49,274 INFO     ___FILE_ONLY___ 2021.02.05
2021-03-01 14:34:49,274 INFO     ___FILE_ONLY___  
2021-03-01 14:34:49,274 INFO     ___FILE_ONLY___ │ 
2021-03-01 14:34:49,274 INFO     ___FILE_ONLY___  < 1 MiB
2021-03-01 14:34:49,274 INFO     ___FILE_ONLY___  
2021-03-01 14:34:49,274 INFO     ___FILE_ONLY___ │
2021-03-01 14:34:49,274 INFO     ___FILE_ONLY___ 

2021-03-01 14:34:49,274 INFO     ___FILE_ONLY___ │ 
2021-03-01 14:34:49,274 INFO     ___FILE_ONLY___ Cloud Storage Command Line Tool                    
2021-03-01 14:34:49,274 INFO     ___FILE_ONLY___  
2021-03-01 14:34:49,274 INFO     ___FILE_ONLY___ │ 
2021-03-01 14:34:49,274 INFO     ___FILE_ONLY___       4.59
2021-03-01 14:34:49,274 INFO     ___FILE_ONLY___  
2021-03-01 14:34:49,274 INFO     ___FILE_ONLY___ │ 
2021-03-01 14:34:49,275 INFO     ___FILE_ONLY___  3.9 MiB
2021-03-01 14:34:49,275 INFO     ___FILE_ONLY___  
2021-03-01 14:34:49,275 INFO     ___FILE_ONLY___ │
2021-03-01 14:34:49,275 INFO     ___FILE_ONLY___ 

2021-03-01 14:34:49,275 INFO     ___FILE_ONLY___ │ 
2021-03-01 14:34:49,275 INFO     ___FILE_ONLY___ Cloud Storage Command Line Tool (Platform Specific)
2021-03-01 14:34:49,275 INFO     ___FILE_ONLY___  
2021-03-01 14:34:49,275 INFO     ___FILE_ONLY___ │ 
2021-03-01 14:34:49,275 INFO     ___FILE_ONLY___       4.58
2021-03-01 14:34:49,276 INFO     ___FILE_ONLY___  
2021-03-01 14:34:49,276 INFO     ___FILE_ONLY___ │ 
2021-03-01 14:34:49,276 INFO     ___FILE_ONLY___  < 1 MiB
2021-03-01 14:34:49,276 INFO     ___FILE_ONLY___  
2021-03-01 14:34:49,276 INFO     ___FILE_ONLY___ │
2021-03-01 14:34:49,276 INFO     ___FILE_ONLY___ 

2021-03-01 14:34:49,276 INFO     ___FILE_ONLY___ │ 
2021-03-01 14:34:49,277 INFO     ___FILE_ONLY___ Kuberun                                            
2021-03-01 14:34:49,277 INFO     ___FILE_ONLY___  
2021-03-01 14:34:49,277 INFO     ___FILE_ONLY___ │ 
2021-03-01 14:34:49,277 INFO     ___FILE_ONLY___     0.0.10
2021-03-01 14:34:49,277 INFO     ___FILE_ONLY___  
2021-03-01 14:34:49,277 INFO     ___FILE_ONLY___ │ 
2021-03-01 14:34:49,277 INFO     ___FILE_ONLY___ 22.6 MiB
2021-03-01 14:34:49,277 INFO     ___FILE_ONLY___  
2021-03-01 14:34:49,278 INFO     ___FILE_ONLY___ │
2021-03-01 14:34:49,278 INFO     ___FILE_ONLY___ 

2021-03-01 14:34:49,278 INFO     ___FILE_ONLY___ │ 
2021-03-01 14:34:49,278 INFO     ___FILE_ONLY___ anthoscli                                          
2021-03-01 14:34:49,278 INFO     ___FILE_ONLY___  
2021-03-01 14:34:49,278 INFO     ___FILE_ONLY___ │ 
2021-03-01 14:34:49,278 INFO     ___FILE_ONLY___      0.2.7
2021-03-01 14:34:49,278 INFO     ___FILE_ONLY___  
2021-03-01 14:34:49,279 INFO     ___FILE_ONLY___ │ 
2021-03-01 14:34:49,279 INFO     ___FILE_ONLY___ 51.7 MiB
2021-03-01 14:34:49,279 INFO     ___FILE_ONLY___  
2021-03-01 14:34:49,279 INFO     ___FILE_ONLY___ │
2021-03-01 14:34:49,279 INFO     ___FILE_ONLY___ 

2021-03-01 14:34:49,279 INFO     ___FILE_ONLY___ │ 
2021-03-01 14:34:49,279 INFO     ___FILE_ONLY___ gcloud cli dependencies                            
2021-03-01 14:34:49,280 INFO     ___FILE_ONLY___  
2021-03-01 14:34:49,280 INFO     ___FILE_ONLY___ │ 
2021-03-01 14:34:49,280 INFO     ___FILE_ONLY___ 2020.06.12
2021-03-01 14:34:49,280 INFO     ___FILE_ONLY___  
2021-03-01 14:34:49,280 INFO     ___FILE_ONLY___ │ 
2021-03-01 14:34:49,280 INFO     ___FILE_ONLY___  < 1 MiB
2021-03-01 14:34:49,280 INFO     ___FILE_ONLY___  
2021-03-01 14:34:49,280 INFO     ___FILE_ONLY___ │
2021-03-01 14:34:49,281 INFO     ___FILE_ONLY___ 

2021-03-01 14:34:49,281 INFO     ___FILE_ONLY___ └─────────────────────────────────────────────────────┴────────────┴──────────┘
2021-03-01 14:34:49,281 INFO     ___FILE_ONLY___ 

2021-03-01 14:34:49,281 INFO     ___FILE_ONLY___ 

2021-03-01 14:34:49,316 INFO     ___FILE_ONLY___ For the latest full release notes, please visit:
  https://cloud.google.com/sdk/release_notes


2021-03-01 14:34:49,321 INFO     ___FILE_ONLY___ ╔════════════════════════════════════════════════════════════╗

2021-03-01 14:34:49,322 INFO     ___FILE_ONLY___ ╠═ Creating update staging area                             ═╣

2021-03-01 14:34:49,322 INFO     ___FILE_ONLY___ ╚
2021-03-01 14:34:49,322 INFO     ___FILE_ONLY___ ══════
2021-03-01 14:34:49,322 INFO     ___FILE_ONLY___ ══════
2021-03-01 14:34:49,322 INFO     ___FILE_ONLY___ ══════
2021-03-01 14:34:49,494 INFO     ___FILE_ONLY___ ═
2021-03-01 14:34:49,535 INFO     ___FILE_ONLY___ ═
2021-03-01 14:34:49,572 INFO     ___FILE_ONLY___ ═
2021-03-01 14:34:49,623 INFO     ___FILE_ONLY___ ═
2021-03-01 14:34:49,674 INFO     ___FILE_ONLY___ ═
2021-03-01 14:34:49,709 INFO     ___FILE_ONLY___ ═
2021-03-01 14:34:49,755 INFO     ___FILE_ONLY___ ═
2021-03-01 14:34:49,801 INFO     ___FILE_ONLY___ ═
2021-03-01 14:34:49,836 INFO     ___FILE_ONLY___ ═
2021-03-01 14:34:49,870 INFO     ___FILE_ONLY___ ═
2021-03-01 14:34:49,903 INFO     ___FILE_ONLY___ ═
2021-03-01 14:34:49,945 INFO     ___FILE_ONLY___ ═
2021-03-01 14:34:49,992 INFO     ___FILE_ONLY___ ═
2021-03-01 14:34:50,028 INFO     ___FILE_ONLY___ ═
2021-03-01 14:34:50,134 INFO     ___FILE_ONLY___ ═
2021-03-01 14:34:50,305 INFO     ___FILE_ONLY___ ═
2021-03-01 14:34:50,339 INFO     ___FILE_ONLY___ ═
2021-03-01 14:34:50,366 INFO     ___FILE_ONLY___ ═
2021-03-01 14:34:50,388 INFO     ___FILE_ONLY___ ═
2021-03-01 14:34:50,410 INFO     ___FILE_ONLY___ ═
2021-03-01 14:34:50,431 INFO     ___FILE_ONLY___ ═
2021-03-01 14:34:50,456 INFO     ___FILE_ONLY___ ═
2021-03-01 14:34:50,475 INFO     ___FILE_ONLY___ ═
2021-03-01 14:34:50,497 INFO     ___FILE_ONLY___ ═
2021-03-01 14:34:50,529 INFO     ___FILE_ONLY___ ═
2021-03-01 14:34:50,587 INFO     ___FILE_ONLY___ ═
2021-03-01 14:34:50,644 INFO     ___FILE_ONLY___ ═
2021-03-01 14:34:50,680 INFO     ___FILE_ONLY___ ═
2021-03-01 14:34:50,718 INFO     ___FILE_ONLY___ ═
2021-03-01 14:34:50,755 INFO     ___FILE_ONLY___ ═
2021-03-01 14:34:50,825 INFO     ___FILE_ONLY___ ═
2021-03-01 14:34:50,869 INFO     ___FILE_ONLY___ ═
2021-03-01 14:34:50,929 INFO     ___FILE_ONLY___ ═
2021-03-01 14:34:50,974 INFO     ___FILE_ONLY___ ═
2021-03-01 14:34:51,019 INFO     ___FILE_ONLY___ ═
2021-03-01 14:34:51,072 INFO     ___FILE_ONLY___ ═
2021-03-01 14:34:51,124 INFO     ___FILE_ONLY___ ═
2021-03-01 14:34:51,163 INFO     ___FILE_ONLY___ ═
2021-03-01 14:34:51,200 INFO     ___FILE_ONLY___ ═
2021-03-01 14:34:51,225 INFO     ___FILE_ONLY___ ═
2021-03-01 14:34:51,262 INFO     ___FILE_ONLY___ ═
2021-03-01 14:34:51,314 INFO     ___FILE_ONLY___ ═
2021-03-01 14:34:51,314 INFO     ___FILE_ONLY___ ╝

2021-03-01 14:34:51,397 INFO     ___FILE_ONLY___ ╔════════════════════════════════════════════════════════════╗

2021-03-01 14:34:51,397 INFO     ___FILE_ONLY___ ╠═ Installing: BigQuery Command Line Tool                   ═╣

2021-03-01 14:34:51,398 INFO     ___FILE_ONLY___ ╚
2021-03-01 14:34:51,419 INFO     ___FILE_ONLY___ ═
2021-03-01 14:34:51,420 INFO     ___FILE_ONLY___ ═
2021-03-01 14:34:51,421 INFO     ___FILE_ONLY___ ═
2021-03-01 14:34:51,422 INFO     ___FILE_ONLY___ ═
2021-03-01 14:34:51,422 INFO     ___FILE_ONLY___ ═
2021-03-01 14:34:51,423 INFO     ___FILE_ONLY___ ═
2021-03-01 14:34:51,424 INFO     ___FILE_ONLY___ ═
2021-03-01 14:34:51,425 INFO     ___FILE_ONLY___ ═
2021-03-01 14:34:51,425 INFO     ___FILE_ONLY___ ═
2021-03-01 14:34:51,426 INFO     ___FILE_ONLY___ ═
2021-03-01 14:34:51,427 INFO     ___FILE_ONLY___ ═
2021-03-01 14:34:51,427 INFO     ___FILE_ONLY___ ═
2021-03-01 14:34:51,428 INFO     ___FILE_ONLY___ ═
2021-03-01 14:34:51,428 INFO     ___FILE_ONLY___ ═
2021-03-01 14:34:51,429 INFO     ___FILE_ONLY___ ═
2021-03-01 14:34:51,429 INFO     ___FILE_ONLY___ ═
2021-03-01 14:34:51,430 INFO     ___FILE_ONLY___ ═
2021-03-01 14:34:51,430 INFO     ___FILE_ONLY___ ═
2021-03-01 14:34:51,431 INFO     ___FILE_ONLY___ ═
2021-03-01 14:34:51,431 INFO     ___FILE_ONLY___ ═
2021-03-01 14:34:51,432 INFO     ___FILE_ONLY___ ═
2021-03-01 14:34:51,432 INFO     ___FILE_ONLY___ ═
2021-03-01 14:34:51,433 INFO     ___FILE_ONLY___ ═
2021-03-01 14:34:51,433 INFO     ___FILE_ONLY___ ═
2021-03-01 14:34:51,433 INFO     ___FILE_ONLY___ ═
2021-03-01 14:34:51,434 INFO     ___FILE_ONLY___ ═
2021-03-01 14:34:51,434 INFO     ___FILE_ONLY___ ═
2021-03-01 14:34:51,435 INFO     ___FILE_ONLY___ ═
2021-03-01 14:34:51,435 INFO     ___FILE_ONLY___ ═
2021-03-01 14:34:51,437 INFO     ___FILE_ONLY___ ═
2021-03-01 14:34:51,486 INFO     ___FILE_ONLY___ ═
2021-03-01 14:34:51,494 INFO     ___FILE_ONLY___ ═
2021-03-01 14:34:51,497 INFO     ___FILE_ONLY___ ═
2021-03-01 14:34:51,501 INFO     ___FILE_ONLY___ ═
2021-03-01 14:34:51,504 INFO     ___FILE_ONLY___ ═
2021-03-01 14:34:51,507 INFO     ___FILE_ONLY___ ═
2021-03-01 14:34:51,509 INFO     ___FILE_ONLY___ ═
2021-03-01 14:34:51,511 INFO     ___FILE_ONLY___ ═
2021-03-01 14:34:51,513 INFO     ___FILE_ONLY___ ═
2021-03-01 14:34:51,517 INFO     ___FILE_ONLY___ ═
2021-03-01 14:34:51,523 INFO     ___FILE_ONLY___ ═
2021-03-01 14:34:51,525 INFO     ___FILE_ONLY___ ═
2021-03-01 14:34:51,527 INFO     ___FILE_ONLY___ ═
2021-03-01 14:34:51,530 INFO     ___FILE_ONLY___ ═
2021-03-01 14:34:51,532 INFO     ___FILE_ONLY___ ═
2021-03-01 14:34:51,534 INFO     ___FILE_ONLY___ ═
2021-03-01 14:34:51,537 INFO     ___FILE_ONLY___ ═
2021-03-01 14:34:51,539 INFO     ___FILE_ONLY___ ═
2021-03-01 14:34:51,542 INFO     ___FILE_ONLY___ ═
2021-03-01 14:34:51,544 INFO     ___FILE_ONLY___ ═
2021-03-01 14:34:51,547 INFO     ___FILE_ONLY___ ═
2021-03-01 14:34:51,549 INFO     ___FILE_ONLY___ ═
2021-03-01 14:34:51,552 INFO     ___FILE_ONLY___ ═
2021-03-01 14:34:51,554 INFO     ___FILE_ONLY___ ═
2021-03-01 14:34:51,556 INFO     ___FILE_ONLY___ ═
2021-03-01 14:34:51,559 INFO     ___FILE_ONLY___ ═
2021-03-01 14:34:51,561 INFO     ___FILE_ONLY___ ═
2021-03-01 14:34:51,564 INFO     ___FILE_ONLY___ ═
2021-03-01 14:34:51,566 INFO     ___FILE_ONLY___ ═
2021-03-01 14:34:51,569 INFO     ___FILE_ONLY___ ═
2021-03-01 14:34:51,569 INFO     ___FILE_ONLY___ ╝

2021-03-01 14:34:51,579 INFO     ___FILE_ONLY___ ╔════════════════════════════════════════════════════════════╗

2021-03-01 14:34:51,580 INFO     ___FILE_ONLY___ ╠═ Installing: BigQuery Command Line Tool (Platform Spec... ═╣

2021-03-01 14:34:51,580 INFO     ___FILE_ONLY___ ╚
2021-03-01 14:34:51,602 INFO     ___FILE_ONLY___ ══════════════════════════════
2021-03-01 14:34:51,603 INFO     ___FILE_ONLY___ ══════════════════════════════
2021-03-01 14:34:51,603 INFO     ___FILE_ONLY___ ╝

2021-03-01 14:34:51,610 INFO     ___FILE_ONLY___ ╔════════════════════════════════════════════════════════════╗

2021-03-01 14:34:51,611 INFO     ___FILE_ONLY___ ╠═ Installing: Cloud SDK Core Libraries (Platform Specific) ═╣

2021-03-01 14:34:51,611 INFO     ___FILE_ONLY___ ╚
2021-03-01 14:34:51,637 INFO     ___FILE_ONLY___ ══════════════════════════════
2021-03-01 14:34:51,638 INFO     ___FILE_ONLY___ ═══════════════
2021-03-01 14:34:51,638 INFO     ___FILE_ONLY___ ═══════════════
2021-03-01 14:34:51,639 INFO     ___FILE_ONLY___ ╝

2021-03-01 14:34:51,646 INFO     ___FILE_ONLY___ ╔════════════════════════════════════════════════════════════╗

2021-03-01 14:34:51,646 INFO     ___FILE_ONLY___ ╠═ Installing: Cloud Storage Command Line Tool              ═╣

2021-03-01 14:34:51,646 INFO     ___FILE_ONLY___ ╚
2021-03-01 14:34:51,669 INFO     ___FILE_ONLY___ ═
2021-03-01 14:34:51,672 INFO     ___FILE_ONLY___ ═
2021-03-01 14:34:51,674 INFO     ___FILE_ONLY___ ═
2021-03-01 14:34:51,676 INFO     ___FILE_ONLY___ ═
2021-03-01 14:34:51,677 INFO     ___FILE_ONLY___ ═
2021-03-01 14:34:51,679 INFO     ___FILE_ONLY___ ═
2021-03-01 14:34:51,680 INFO     ___FILE_ONLY___ ═
2021-03-01 14:34:51,682 INFO     ___FILE_ONLY___ ═
2021-03-01 14:34:51,683 INFO     ___FILE_ONLY___ ═
2021-03-01 14:34:51,685 INFO     ___FILE_ONLY___ ═
2021-03-01 14:34:51,686 INFO     ___FILE_ONLY___ ═
2021-03-01 14:34:51,687 INFO     ___FILE_ONLY___ ═
2021-03-01 14:34:51,689 INFO     ___FILE_ONLY___ ═
2021-03-01 14:34:51,690 INFO     ___FILE_ONLY___ ═
2021-03-01 14:34:51,692 INFO     ___FILE_ONLY___ ═
2021-03-01 14:34:51,693 INFO     ___FILE_ONLY___ ═
2021-03-01 14:34:51,693 INFO     ___FILE_ONLY___ ═
2021-03-01 14:34:51,694 INFO     ___FILE_ONLY___ ═
2021-03-01 14:34:51,695 INFO     ___FILE_ONLY___ ═
2021-03-01 14:34:51,696 INFO     ___FILE_ONLY___ ═
2021-03-01 14:34:51,696 INFO     ___FILE_ONLY___ ═
2021-03-01 14:34:51,697 INFO     ___FILE_ONLY___ ═
2021-03-01 14:34:51,697 INFO     ___FILE_ONLY___ ═
2021-03-01 14:34:51,698 INFO     ___FILE_ONLY___ ═
2021-03-01 14:34:51,698 INFO     ___FILE_ONLY___ ═
2021-03-01 14:34:51,699 INFO     ___FILE_ONLY___ ═
2021-03-01 14:34:51,699 INFO     ___FILE_ONLY___ ═
2021-03-01 14:34:51,700 INFO     ___FILE_ONLY___ ═
2021-03-01 14:34:51,700 INFO     ___FILE_ONLY___ ═
2021-03-01 14:34:51,702 INFO     ___FILE_ONLY___ ═
2021-03-01 14:34:51,945 INFO     ___FILE_ONLY___ ═
2021-03-01 14:34:51,958 INFO     ___FILE_ONLY___ ═
2021-03-01 14:34:51,977 INFO     ___FILE_ONLY___ ═
2021-03-01 14:34:51,991 INFO     ___FILE_ONLY___ ═
2021-03-01 14:34:52,003 INFO     ___FILE_ONLY___ ═
2021-03-01 14:34:52,016 INFO     ___FILE_ONLY___ ═
2021-03-01 14:34:52,029 INFO     ___FILE_ONLY___ ═
2021-03-01 14:34:52,049 INFO     ___FILE_ONLY___ ═
2021-03-01 14:34:52,066 INFO     ___FILE_ONLY___ ═
2021-03-01 14:34:52,080 INFO     ___FILE_ONLY___ ═
2021-03-01 14:34:52,094 INFO     ___FILE_ONLY___ ═
2021-03-01 14:34:52,110 INFO     ___FILE_ONLY___ ═
2021-03-01 14:34:52,134 INFO     ___FILE_ONLY___ ═
2021-03-01 14:34:52,154 INFO     ___FILE_ONLY___ ═
2021-03-01 14:34:52,168 INFO     ___FILE_ONLY___ ═
2021-03-01 14:34:52,180 INFO     ___FILE_ONLY___ ═
2021-03-01 14:34:52,198 INFO     ___FILE_ONLY___ ═
2021-03-01 14:34:52,213 INFO     ___FILE_ONLY___ ═
2021-03-01 14:34:52,232 INFO     ___FILE_ONLY___ ═
2021-03-01 14:34:52,248 INFO     ___FILE_ONLY___ ═
2021-03-01 14:34:52,266 INFO     ___FILE_ONLY___ ═
2021-03-01 14:34:52,283 INFO     ___FILE_ONLY___ ═
2021-03-01 14:34:52,297 INFO     ___FILE_ONLY___ ═
2021-03-01 14:34:52,308 INFO     ___FILE_ONLY___ ═
2021-03-01 14:34:52,320 INFO     ___FILE_ONLY___ ═
2021-03-01 14:34:52,333 INFO     ___FILE_ONLY___ ═
2021-03-01 14:34:52,347 INFO     ___FILE_ONLY___ ═
2021-03-01 14:34:52,361 INFO     ___FILE_ONLY___ ═
2021-03-01 14:34:52,383 INFO     ___FILE_ONLY___ ═
2021-03-01 14:34:52,402 INFO     ___FILE_ONLY___ ═
2021-03-01 14:34:52,402 INFO     ___FILE_ONLY___ ╝

2021-03-01 14:34:52,436 INFO     ___FILE_ONLY___ ╔════════════════════════════════════════════════════════════╗

2021-03-01 14:34:52,436 INFO     ___FILE_ONLY___ ╠═ Installing: Cloud Storage Command Line Tool (Platform... ═╣

2021-03-01 14:34:52,436 INFO     ___FILE_ONLY___ ╚
2021-03-01 14:34:52,464 INFO     ___FILE_ONLY___ ══════════════════════════════
2021-03-01 14:34:52,465 INFO     ___FILE_ONLY___ ══════════════════════════════
2021-03-01 14:34:52,465 INFO     ___FILE_ONLY___ ╝

2021-03-01 14:34:52,473 INFO     ___FILE_ONLY___ ╔════════════════════════════════════════════════════════════╗

2021-03-01 14:34:52,473 INFO     ___FILE_ONLY___ ╠═ Installing: Default set of gcloud commands               ═╣

2021-03-01 14:34:52,473 INFO     ___FILE_ONLY___ ╚
2021-03-01 14:34:52,477 INFO     ___FILE_ONLY___ ════════════════════════════════════════════════════════════
2021-03-01 14:34:52,477 INFO     ___FILE_ONLY___ ╝

2021-03-01 14:34:52,481 INFO     ___FILE_ONLY___ ╔════════════════════════════════════════════════════════════╗

2021-03-01 14:34:52,482 INFO     ___FILE_ONLY___ ╠═ Installing: Kuberun                                      ═╣

2021-03-01 14:34:52,482 INFO     ___FILE_ONLY___ ╚
2021-03-01 14:34:52,485 INFO     ___FILE_ONLY___ ════════════════════════════════════════════════════════════
2021-03-01 14:34:52,485 INFO     ___FILE_ONLY___ ╝

2021-03-01 14:34:52,489 INFO     ___FILE_ONLY___ ╔════════════════════════════════════════════════════════════╗

2021-03-01 14:34:52,489 INFO     ___FILE_ONLY___ ╠═ Installing: Kuberun                                      ═╣

2021-03-01 14:34:52,490 INFO     ___FILE_ONLY___ ╚
2021-03-01 14:34:52,522 INFO     ___FILE_ONLY___ ═
2021-03-01 14:34:52,529 INFO     ___FILE_ONLY___ ═
2021-03-01 14:34:52,535 INFO     ___FILE_ONLY___ ═
2021-03-01 14:34:52,538 INFO     ___FILE_ONLY___ ═
2021-03-01 14:34:52,541 INFO     ___FILE_ONLY___ ═
2021-03-01 14:34:52,545 INFO     ___FILE_ONLY___ ═
2021-03-01 14:34:52,548 INFO     ___FILE_ONLY___ ═
2021-03-01 14:34:52,551 INFO     ___FILE_ONLY___ ═
2021-03-01 14:34:52,555 INFO     ___FILE_ONLY___ ═
2021-03-01 14:34:52,558 INFO     ___FILE_ONLY___ ═
2021-03-01 14:34:52,562 INFO     ___FILE_ONLY___ ═
2021-03-01 14:34:52,565 INFO     ___FILE_ONLY___ ═
2021-03-01 14:34:52,568 INFO     ___FILE_ONLY___ ═
2021-03-01 14:34:52,572 INFO     ___FILE_ONLY___ ═
2021-03-01 14:34:52,575 INFO     ___FILE_ONLY___ ═
2021-03-01 14:34:52,578 INFO     ___FILE_ONLY___ ═
2021-03-01 14:34:52,582 INFO     ___FILE_ONLY___ ═
2021-03-01 14:34:52,585 INFO     ___FILE_ONLY___ ═
2021-03-01 14:34:52,589 INFO     ___FILE_ONLY___ ═
2021-03-01 14:34:52,592 INFO     ___FILE_ONLY___ ═
2021-03-01 14:34:52,596 INFO     ___FILE_ONLY___ ═
2021-03-01 14:34:52,599 INFO     ___FILE_ONLY___ ═
2021-03-01 14:34:52,602 INFO     ___FILE_ONLY___ ═
2021-03-01 14:34:52,606 INFO     ___FILE_ONLY___ ═
2021-03-01 14:34:52,609 INFO     ___FILE_ONLY___ ═
2021-03-01 14:34:52,613 INFO     ___FILE_ONLY___ ═
2021-03-01 14:34:52,617 INFO     ___FILE_ONLY___ ═
2021-03-01 14:34:52,619 INFO     ___FILE_ONLY___ ═
2021-03-01 14:34:52,622 INFO     ___FILE_ONLY___ ═
2021-03-01 14:34:52,625 INFO     ___FILE_ONLY___ ═
2021-03-01 14:34:53,493 INFO     ___FILE_ONLY___ ═
2021-03-01 14:34:53,494 INFO     ___FILE_ONLY___ ═
2021-03-01 14:34:53,494 INFO     ___FILE_ONLY___ ═
2021-03-01 14:34:53,495 INFO     ___FILE_ONLY___ ═
2021-03-01 14:34:53,495 INFO     ___FILE_ONLY___ ═
2021-03-01 14:34:53,495 INFO     ___FILE_ONLY___ ═
2021-03-01 14:34:53,496 INFO     ___FILE_ONLY___ ══
2021-03-01 14:34:53,496 INFO     ___FILE_ONLY___ ═
2021-03-01 14:34:53,496 INFO     ___FILE_ONLY___ ═
2021-03-01 14:34:53,496 INFO     ___FILE_ONLY___ ═
2021-03-01 14:34:53,497 INFO     ___FILE_ONLY___ ═
2021-03-01 14:34:53,497 INFO     ___FILE_ONLY___ ═
2021-03-01 14:34:53,497 INFO     ___FILE_ONLY___ ══
2021-03-01 14:34:53,498 INFO     ___FILE_ONLY___ ═
2021-03-01 14:34:53,498 INFO     ___FILE_ONLY___ ═
2021-03-01 14:34:53,498 INFO     ___FILE_ONLY___ ═
2021-03-01 14:34:53,499 INFO     ___FILE_ONLY___ ═
2021-03-01 14:34:53,499 INFO     ___FILE_ONLY___ ═
2021-03-01 14:34:53,499 INFO     ___FILE_ONLY___ ═
2021-03-01 14:34:53,499 INFO     ___FILE_ONLY___ ══
2021-03-01 14:34:53,500 INFO     ___FILE_ONLY___ ═
2021-03-01 14:34:53,500 INFO     ___FILE_ONLY___ ═
2021-03-01 14:34:53,500 INFO     ___FILE_ONLY___ ═
2021-03-01 14:34:53,501 INFO     ___FILE_ONLY___ ═
2021-03-01 14:34:53,501 INFO     ___FILE_ONLY___ ═
2021-03-01 14:34:53,502 INFO     ___FILE_ONLY___ ══
2021-03-01 14:34:53,503 INFO     ___FILE_ONLY___ ╝

2021-03-01 14:34:53,514 INFO     ___FILE_ONLY___ ╔════════════════════════════════════════════════════════════╗

2021-03-01 14:34:53,514 INFO     ___FILE_ONLY___ ╠═ Installing: anthoscli                                    ═╣

2021-03-01 14:34:53,515 INFO     ___FILE_ONLY___ ╚
2021-03-01 14:34:53,556 INFO     ___FILE_ONLY___ ═
2021-03-01 14:34:53,566 INFO     ___FILE_ONLY___ ═
2021-03-01 14:34:53,574 INFO     ___FILE_ONLY___ ═
2021-03-01 14:34:53,581 INFO     ___FILE_ONLY___ ═
2021-03-01 14:34:53,589 INFO     ___FILE_ONLY___ ═
2021-03-01 14:34:53,596 INFO     ___FILE_ONLY___ ═
2021-03-01 14:34:53,604 INFO     ___FILE_ONLY___ ═
2021-03-01 14:34:53,612 INFO     ___FILE_ONLY___ ═
2021-03-01 14:34:53,619 INFO     ___FILE_ONLY___ ═
2021-03-01 14:34:53,627 INFO     ___FILE_ONLY___ ═
2021-03-01 14:34:53,634 INFO     ___FILE_ONLY___ ═
2021-03-01 14:34:53,642 INFO     ___FILE_ONLY___ ═
2021-03-01 14:34:53,650 INFO     ___FILE_ONLY___ ═
2021-03-01 14:34:53,658 INFO     ___FILE_ONLY___ ═
2021-03-01 14:34:53,665 INFO     ___FILE_ONLY___ ═
2021-03-01 14:34:53,674 INFO     ___FILE_ONLY___ ═
2021-03-01 14:34:53,682 INFO     ___FILE_ONLY___ ═
2021-03-01 14:34:53,690 INFO     ___FILE_ONLY___ ═
2021-03-01 14:34:53,698 INFO     ___FILE_ONLY___ ═
2021-03-01 14:34:53,706 INFO     ___FILE_ONLY___ ═
2021-03-01 14:34:53,714 INFO     ___FILE_ONLY___ ═
2021-03-01 14:34:53,722 INFO     ___FILE_ONLY___ ═
2021-03-01 14:34:53,730 INFO     ___FILE_ONLY___ ═
2021-03-01 14:34:53,737 INFO     ___FILE_ONLY___ ═
2021-03-01 14:34:53,745 INFO     ___FILE_ONLY___ ═
2021-03-01 14:34:53,753 INFO     ___FILE_ONLY___ ═
2021-03-01 14:34:53,760 INFO     ___FILE_ONLY___ ═
2021-03-01 14:34:53,768 INFO     ___FILE_ONLY___ ═
2021-03-01 14:34:53,776 INFO     ___FILE_ONLY___ ═
2021-03-01 14:34:53,783 INFO     ___FILE_ONLY___ ═
2021-03-01 14:34:55,681 INFO     ___FILE_ONLY___ ══════════
2021-03-01 14:34:55,686 INFO     ___FILE_ONLY___ ═════════
2021-03-01 14:34:55,708 INFO     ___FILE_ONLY___ ═══════════
2021-03-01 14:34:55,708 INFO     ___FILE_ONLY___ ╝

2021-03-01 14:34:55,724 INFO     ___FILE_ONLY___ ╔════════════════════════════════════════════════════════════╗

2021-03-01 14:34:55,725 INFO     ___FILE_ONLY___ ╠═ Installing: anthoscli                                    ═╣

2021-03-01 14:34:55,725 INFO     ___FILE_ONLY___ ╚
2021-03-01 14:34:55,728 INFO     ___FILE_ONLY___ ════════════════════════════════════════════════════════════
2021-03-01 14:34:55,728 INFO     ___FILE_ONLY___ ╝

2021-03-01 14:34:55,732 INFO     ___FILE_ONLY___ ╔════════════════════════════════════════════════════════════╗

2021-03-01 14:34:55,733 INFO     ___FILE_ONLY___ ╠═ Installing: gcloud cli dependencies                      ═╣

2021-03-01 14:34:55,733 INFO     ___FILE_ONLY___ ╚
2021-03-01 14:34:55,754 INFO     ___FILE_ONLY___ ══════════════════════════════
2021-03-01 14:34:55,756 INFO     ___FILE_ONLY___ ══════
2021-03-01 14:34:55,756 INFO     ___FILE_ONLY___ ══════
2021-03-01 14:34:55,756 INFO     ___FILE_ONLY___ ══════
2021-03-01 14:34:55,756 INFO     ___FILE_ONLY___ ══════
2021-03-01 14:34:55,757 INFO     ___FILE_ONLY___ ══════
2021-03-01 14:34:55,757 INFO     ___FILE_ONLY___ ╝

2021-03-01 14:34:55,764 INFO     ___FILE_ONLY___ ╔════════════════════════════════════════════════════════════╗

2021-03-01 14:34:55,765 INFO     ___FILE_ONLY___ ╠═ Creating backup and activating new installation          ═╣

2021-03-01 14:34:55,765 INFO     ___FILE_ONLY___ ╚
2021-03-01 14:34:55,765 DEBUG    root            Attempting to move directory [/tools/google-cloud-sdk] to [/tools/google-cloud-sdk.staging/.install/.backup]
2021-03-01 14:34:55,765 INFO     ___FILE_ONLY___ ══════════════════════════════
2021-03-01 14:34:55,765 DEBUG    root            Attempting to move directory [/tools/google-cloud-sdk.staging] to [/tools/google-cloud-sdk]
2021-03-01 14:34:55,765 INFO     ___FILE_ONLY___ ══════════════════════════════
2021-03-01 14:34:55,765 INFO     ___FILE_ONLY___ ╝

2021-03-01 14:34:55,769 DEBUG    root            Updating notification cache...
2021-03-01 14:34:55,769 INFO     ___FILE_ONLY___ 

2021-03-01 14:34:55,773 INFO     ___FILE_ONLY___ Performing post processing steps...
2021-03-01 14:34:55,774 DEBUG    root            Executing command: ['python3', '-S', '/tools/google-cloud-sdk/lib/gcloud.py', 'components', 'post-process']
2021-03-01 14:35:08,980 DEBUG    ___FILE_ONLY___ 
2021-03-01 14:35:08,981 DEBUG    ___FILE_ONLY___ 
2021-03-01 14:35:09,045 INFO     ___FILE_ONLY___ 
Update done!


2021-03-01 14:35:09,049 INFO     root            Display format: "none"
